2020-12-02 19:24:27.264  INFO 12488 --- [restartedMain] com.LongyccApplication                   : Starting LongyccApplication on 3NQBBN15LR2ESXD with PID 12488 (D:\workspace\JavaProject\longy\project\longycc\longycc-core\target\classes started by Administrator in D:\workspace\JavaProject\longy\project\longycc)
2020-12-02 19:24:27.276  INFO 12488 --- [restartedMain] com.LongyccApplication                   : No active profile set, falling back to default profiles: default
2020-12-02 19:24:27.349  INFO 12488 --- [restartedMain] .e.DevToolsPropertyDefaultsPostProcessor : Devtools property defaults active! Set 'spring.devtools.add-properties' to 'false' to disable
2020-12-02 19:24:27.370  INFO 12488 --- [restartedMain] .e.DevToolsPropertyDefaultsPostProcessor : For additional web related logging consider setting the 'logging.level.web' property to 'DEBUG'
2020-12-02 19:24:32.746  INFO 12488 --- [restartedMain] o.s.b.w.embedded.tomcat.TomcatWebServer  : Tomcat initialized with port(s): 8080 (http)
2020-12-02 19:24:32.770  INFO 12488 --- [restartedMain] o.apache.catalina.core.StandardService   : Starting service [Tomcat]
2020-12-02 19:24:32.772  INFO 12488 --- [restartedMain] org.apache.catalina.core.StandardEngine  : Starting Servlet engine: [Apache Tomcat/9.0.38]
2020-12-02 19:24:32.935  INFO 12488 --- [restartedMain] o.a.c.c.C.[Tomcat].[localhost].[/]       : Initializing Spring embedded WebApplicationContext
2020-12-02 19:24:32.936  INFO 12488 --- [restartedMain] w.s.c.ServletWebServerApplicationContext : Root WebApplicationContext: initialization completed in 5562 ms
2020-12-02 19:24:33.491  INFO 12488 --- [restartedMain] o.s.s.concurrent.ThreadPoolTaskExecutor  : Initializing ExecutorService 'applicationTaskExecutor'
2020-12-02 19:24:34.099  INFO 12488 --- [restartedMain] o.s.b.d.a.OptionalLiveReloadServer       : LiveReload server is running on port 35729
2020-12-02 19:24:34.197  INFO 12488 --- [restartedMain] o.s.b.w.embedded.tomcat.TomcatWebServer  : Tomcat started on port(s): 8080 (http) with context path ''
2020-12-02 19:24:34.217  INFO 12488 --- [restartedMain] com.LongyccApplication                   : Started LongyccApplication in 7.784 seconds (JVM running for 8.822)
2020-12-02 19:25:34.297  INFO 12488 --- [http-nio-8080-exec-1] o.a.c.c.C.[Tomcat].[localhost].[/]       : Initializing Spring DispatcherServlet 'dispatcherServlet'
2020-12-02 19:25:34.297  INFO 12488 --- [http-nio-8080-exec-1] o.s.web.servlet.DispatcherServlet        : Initializing Servlet 'dispatcherServlet'
2020-12-02 19:25:34.302  INFO 12488 --- [http-nio-8080-exec-1] o.s.web.servlet.DispatcherServlet        : Completed initialization in 5 ms
2020-12-02 20:36:03.687  INFO 12112 --- [restartedMain] com.LongyccApplication                   : Starting LongyccApplication on 3NQBBN15LR2ESXD with PID 12112 (D:\workspace\JavaProject\longy\project\longycc\longycc-core\target\classes started by Administrator in D:\workspace\JavaProject\longy\project\longycc)
2020-12-02 20:36:03.690  INFO 12112 --- [restartedMain] com.LongyccApplication                   : No active profile set, falling back to default profiles: default
2020-12-02 20:36:03.748  INFO 12112 --- [restartedMain] .e.DevToolsPropertyDefaultsPostProcessor : Devtools property defaults active! Set 'spring.devtools.add-properties' to 'false' to disable
2020-12-02 20:36:03.749  INFO 12112 --- [restartedMain] .e.DevToolsPropertyDefaultsPostProcessor : For additional web related logging consider setting the 'logging.level.web' property to 'DEBUG'
